<?xml version="1.0" encoding="UTF-8"?>
<!-- Generated by org.testng.reporters.JUnitXMLReporter -->
<testsuite ignored="0" hostname="LAPTOP-73S0TF9M" failures="4" tests="5" name="Essalikplus Test" time="65.477" errors="0" timestamp="2022-03-13T19:53:32 IST">
  <testcase classname="com.essalik.testcases1.Login_TestCase_WithLoginData" name="loginDDT" time="10.787">
    <failure type="java.lang.AssertionError" message="expected [true] but found [false]">
      <![CDATA[java.lang.AssertionError: expected [true] but found [false]
at com.essalik.testcases1.Login_TestCase_WithLoginData.loginDDT(Login_TestCase_WithLoginData.java:65)
at java.base/java.util.ArrayList.forEach(ArrayList.java:1511)
... Removed 31 stack frames]]>
    </failure>
  </testcase> <!-- loginDDT -->
  <testcase classname="com.essalik.testcases1.Login_TestCase_WithLoginData" name="loginDDT" time="5.333">
    <failure type="java.lang.AssertionError" message="expected [true] but found [false]">
      <![CDATA[java.lang.AssertionError: expected [true] but found [false]
at com.essalik.testcases1.Login_TestCase_WithLoginData.loginDDT(Login_TestCase_WithLoginData.java:65)
at java.base/java.util.ArrayList.forEach(ArrayList.java:1511)
... Removed 31 stack frames]]>
    </failure>
  </testcase> <!-- loginDDT -->
  <testcase classname="com.essalik.testcases1.Login_TestCase_WithLoginData" name="loginDDT" time="6.2">
    <failure type="java.lang.AssertionError" message="expected [true] but found [false]">
      <![CDATA[java.lang.AssertionError: expected [true] but found [false]
at com.essalik.testcases1.Login_TestCase_WithLoginData.loginDDT(Login_TestCase_WithLoginData.java:65)
at java.base/java.util.ArrayList.forEach(ArrayList.java:1511)
... Removed 31 stack frames]]>
    </failure>
  </testcase> <!-- loginDDT -->
  <testcase classname="com.essalik.testcases1.Login_TestCase_WithLoginData" name="loginDDT" time="11.898"/>
  <testcase classname="com.essalik.testcases1.Login_TestCase_WithLoginData" name="loginDDT" time="6.12">
    <failure type="java.lang.AssertionError" message="expected [true] but found [false]">
      <![CDATA[java.lang.AssertionError: expected [true] but found [false]
at com.essalik.testcases1.Login_TestCase_WithLoginData.loginDDT(Login_TestCase_WithLoginData.java:65)
at java.base/java.util.ArrayList.forEach(ArrayList.java:1511)
... Removed 31 stack frames]]>
    </failure>
  </testcase> <!-- loginDDT -->
</testsuite> <!-- Essalikplus Test -->
