<?xml version="1.0" encoding="UTF-8"?>
<!-- Generated by org.testng.reporters.JUnitXMLReporter -->
<testsuite ignored="6" hostname="LAPTOP-73S0TF9M" failures="0" tests="4" name="End to end testing" time="78.874" errors="0" timestamp="2022-03-12T20:49:43 IST">
  <testcase classname="com.essalik.testcases1.SignIn_Testcase" name="SignIn" time="18.701"/>
  <testcase classname="com.essalik.testcases1.AddProduct" name="addproduct" time="23.999"/>
  <testcase classname="com.essalik.testcases1.BuySubscription" name="subscribe" time="6.832"/>
  <testcase classname="com.essalik.testcases1.Payments" name="pay" time="10.872"/>
  <testcase classname="com.essalik.Baseclass.BaseClass" name="@AfterTest browserQuit" time="0.0">
    <ignored/>
  </testcase> <!-- @AfterTest browserQuit -->
  <testcase classname="com.essalik.Baseclass.BaseClass" name="@AfterTest browserQuit" time="0.0">
    <ignored/>
  </testcase> <!-- @AfterTest browserQuit -->
  <testcase classname="com.essalik.Baseclass.BaseClass" name="@AfterTest browserQuit" time="0.0">
    <ignored/>
  </testcase> <!-- @AfterTest browserQuit -->
  <testcase classname="com.essalik.Baseclass.BaseClass" name="@BeforeTest setup" time="0.0">
    <ignored/>
  </testcase> <!-- @BeforeTest setup -->
  <testcase classname="com.essalik.Baseclass.BaseClass" name="@BeforeTest setup" time="0.0">
    <ignored/>
  </testcase> <!-- @BeforeTest setup -->
  <testcase classname="com.essalik.Baseclass.BaseClass" name="@BeforeTest setup" time="0.0">
    <ignored/>
  </testcase> <!-- @BeforeTest setup -->
</testsuite> <!-- End to end testing -->
